<?xml version="1.0" encoding="UTF-8"?>
<!-- Generated by org.testng.reporters.JUnitReportReporter -->
<testsuite hostname="DESKTOP-N3LRL61" failures="0" tests="8" name="Com.QA.Tests.TestClass" time="0.984" errors="0" timestamp="2023-11-07T19:00:18 IST" skipped="0">
  <testcase classname="Com.QA.Tests.TestClass" name="Home_Page_Title_Test" time="0.025"/>
  <testcase classname="Com.QA.Tests.TestClass" name="Home_Page_Url_Test" time="0.013"/>
  <testcase classname="Com.QA.Tests.TestClass" name="Home_Page_Header_Links_Test" time="0.456"/>
  <testcase classname="Com.QA.Tests.TestClass" name="Home_Page_footer_Links_Test" time="0.301"/>
  <testcase classname="Com.QA.Tests.TestClass" name="Home_Page_Products_Test" time="0.018"/>
  <testcase classname="Com.QA.Tests.TestClass" name="Home_Page_Products_Title_Test" time="0.064"/>
  <testcase classname="Com.QA.Tests.TestClass" name="Home_Page_Logo_Test" time="0.063"/>
  <testcase classname="Com.QA.Tests.TestClass" name="Home_Page_Customer_Currency_Test" time="0.044"/>
</testsuite> <!-- Com.QA.Tests.TestClass -->
