<?xml version="1.0" encoding="UTF-8"?>
<!-- Generated by org.testng.reporters.JUnitReportReporter -->
<testsuite hostname="DESKTOP-N3LRL61" failures="0" tests="47" name="Com.QA.Tests.PagesTest" time="17.349" errors="0" timestamp="2023-11-15T10:59:02 IST" skipped="0">
  <testcase classname="Com.QA.Tests.PagesTest" name="Home_Page_Title_Test" time="0.028"/>
  <testcase classname="Com.QA.Tests.PagesTest" name="Home_Page_Url_Test" time="0.009"/>
  <testcase classname="Com.QA.Tests.PagesTest" name="Home_Page_Header_Links_Test" time="0.263"/>
  <testcase classname="Com.QA.Tests.PagesTest" name="Home_Page_footer_Links_Test" time="0.173"/>
  <testcase classname="Com.QA.Tests.PagesTest" name="Home_Page_Products_Test" time="0.008"/>
  <testcase classname="Com.QA.Tests.PagesTest" name="Home_Page_Products_Title_Test" time="0.045"/>
  <testcase classname="Com.QA.Tests.PagesTest" name="Home_Page_Logo_Test" time="0.076"/>
  <testcase classname="Com.QA.Tests.PagesTest" name="Home_Page_Customer_Currency_Test" time="0.027"/>
  <testcase classname="Com.QA.Tests.PagesTest" name="Register_Page_Title_Test" time="0.941"/>
  <testcase classname="Com.QA.Tests.PagesTest" name="Register_Page_Url_Test" time="0.010"/>
  <testcase classname="Com.QA.Tests.PagesTest" name="Register_Page_Register1_Test" time="2.028"/>
  <testcase classname="Com.QA.Tests.PagesTest" name="Register_Page_Register2_Test" time="2.357"/>
  <testcase classname="Com.QA.Tests.PagesTest" name="Click_on_Login_Test" time="0.713"/>
  <testcase classname="Com.QA.Tests.PagesTest" name="Verify_LoginPage_title_Test" time="0.008"/>
  <testcase classname="Com.QA.Tests.PagesTest" name="Verify_LoginPage_Url_Test" time="0.010"/>
  <testcase classname="Com.QA.Tests.PagesTest" name="Verify_LoginPage_Texts_Test" time="0.059"/>
  <testcase classname="Com.QA.Tests.PagesTest" name="Verify_LoginPage_Info_Test" time="0.039"/>
  <testcase classname="Com.QA.Tests.PagesTest" name="Verify_LoginPage_Login_Action_Test" time="1.121"/>
  <testcase classname="Com.QA.Tests.PagesTest" name="Verify_Add_TO_Cart_Title" time="1.207"/>
  <testcase classname="Com.QA.Tests.PagesTest" name="Verify_Add_TO_Cart_Url" time="0.008"/>
  <testcase classname="Com.QA.Tests.PagesTest" name="Verify_Add_TO_Cart_Product_Name" time="0.019"/>
  <testcase classname="Com.QA.Tests.PagesTest" name="Verify_Add_TO_Cart_Product_Desciption" time="0.017"/>
  <testcase classname="Com.QA.Tests.PagesTest" name="Verify_Add_TO_Cart_Product_Price" time="0.038"/>
  <testcase classname="Com.QA.Tests.PagesTest" name="Verify_Add_TO_Cart_Product_Full_Descirpition" time="0.044"/>
  <testcase classname="Com.QA.Tests.PagesTest" name="Verify_Add_TO_Cart_Product_Specification" time="1.102"/>
  <testcase classname="Com.QA.Tests.PagesTest" name="Verify_shoppingCart_Product_In_Cart_Test" time="0.053"/>
  <testcase classname="Com.QA.Tests.PagesTest" name="Verify_shoppingCart_Title_Test" time="0.008"/>
  <testcase classname="Com.QA.Tests.PagesTest" name="Verify_shoppingCart_Url_Test" time="0.006"/>
  <testcase classname="Com.QA.Tests.PagesTest" name="Verify_shoppingCart_Product_Name_Test" time="0.017"/>
  <testcase classname="Com.QA.Tests.PagesTest" name="Verify_shoppingCart_Gift_Test" time="0.017"/>
  <testcase classname="Com.QA.Tests.PagesTest" name="Verify_shoppingCart_Toatl_Test" time="0.122"/>
  <testcase classname="Com.QA.Tests.PagesTest" name="Verify_shoppingCart_Checout_Test" time="2.304"/>
  <testcase classname="Com.QA.Tests.PagesTest" name="Verify_Address_Page_Title_Test" time="0.008"/>
  <testcase classname="Com.QA.Tests.PagesTest" name="Verify_Address_Page_Url_Test" time="0.007"/>
  <testcase classname="Com.QA.Tests.PagesTest" name="Verify_Address_Page_logo_Test" time="0.042"/>
  <testcase classname="Com.QA.Tests.PagesTest" name="Verify_Address_Page_Data_Test" time="1.147"/>
  <testcase classname="Com.QA.Tests.PagesTest" name="Payment_Page_Title_Test" time="0.026"/>
  <testcase classname="Com.QA.Tests.PagesTest" name="Payment_Page_Url_Test" time="0.015"/>
  <testcase classname="Com.QA.Tests.PagesTest" name="Payment_Page_Shiping_Methods_Test" time="0.300"/>
  <testcase classname="Com.QA.Tests.PagesTest" name="Payment_Page_Shiping_Methods_Continue_Test" time="0.226"/>
  <testcase classname="Com.QA.Tests.PagesTest" name="Payment_Page_Payments_Methods_Test" time="0.274"/>
  <testcase classname="Com.QA.Tests.PagesTest" name="Payment_Page_Payments_Methods_Continue_Test" time="0.230"/>
  <testcase classname="Com.QA.Tests.PagesTest" name="Payment_Page_Payments_Information_Test" time="0.523"/>
  <testcase classname="Com.QA.Tests.PagesTest" name="Payment_Page_Billing_Address_Test" time="0.282"/>
  <testcase classname="Com.QA.Tests.PagesTest" name="Payment_Page_Shipping_Address_Test" time="0.054"/>
  <testcase classname="Com.QA.Tests.PagesTest" name="Payment_Page_Final_Table_Test" time="0.300"/>
  <testcase classname="Com.QA.Tests.PagesTest" name="Payment_Page_Order_Numberr_Test" time="1.038"/>
</testsuite> <!-- Com.QA.Tests.PagesTest -->
